2022-09-01 10:13:15,352 INFO  [org.jboss.modules] (main) JBoss Modules version 2.0.2.Final
2022-09-01 10:13:16,073 INFO  [org.jboss.msc] (main) JBoss MSC version 1.4.13.Final
2022-09-01 10:13:16,081 INFO  [org.jboss.threads] (main) JBoss Threads version 2.4.0.Final
2022-09-01 10:13:16,220 INFO  [org.jboss.as] (MSC service thread 1-2) WFLYSRV0049: Keycloak 18.0.2 (WildFly Core 18.1.1.Final) starting
2022-09-01 10:13:16,223 DEBUG [org.jboss.as.config] (MSC service thread 1-2) Configured system properties:
	[Standalone] = 
	awt.toolkit = sun.awt.X11.XToolkit
	file.encoding = UTF-8
	file.separator = /
	java.awt.graphicsenv = sun.awt.X11GraphicsEnvironment
	java.awt.headless = true
	java.awt.printerjob = sun.print.PSPrinterJob
	java.class.path = /home/niveus/test-keycloak/keycloak-18.0.2/jboss-modules.jar
	java.class.version = 55.0
	java.home = /usr/lib/jvm/java-11-openjdk-amd64
	java.io.tmpdir = /tmp
	java.library.path = /usr/java/packages/lib:/usr/lib/x86_64-linux-gnu/jni:/lib/x86_64-linux-gnu:/usr/lib/x86_64-linux-gnu:/usr/lib/jni:/lib:/usr/lib
	java.net.preferIPv4Stack = true
	java.runtime.name = OpenJDK Runtime Environment
	java.runtime.version = 11.0.16+8-post-Ubuntu-0ubuntu120.04
	java.specification.name = Java Platform API Specification
	java.specification.vendor = Oracle Corporation
	java.specification.version = 11
	java.util.logging.manager = org.jboss.logmanager.LogManager
	java.vendor = Ubuntu
	java.vendor.url = https://ubuntu.com/
	java.vendor.url.bug = https://bugs.launchpad.net/ubuntu/+source/openjdk-lts
	java.version = 11.0.16
	java.version.date = 2022-07-19
	java.vm.compressedOopsMode = 32-bit
	java.vm.info = mixed mode, sharing
	java.vm.name = OpenJDK 64-Bit Server VM
	java.vm.specification.name = Java Virtual Machine Specification
	java.vm.specification.vendor = Oracle Corporation
	java.vm.specification.version = 11
	java.vm.vendor = Ubuntu
	java.vm.version = 11.0.16+8-post-Ubuntu-0ubuntu120.04
	javax.management.builder.initial = org.jboss.as.jmx.PluggableMBeanServerBuilder
	jboss.home.dir = /home/niveus/test-keycloak/keycloak-18.0.2
	jboss.host.name = ind040100137
	jboss.modules.dir = /home/niveus/test-keycloak/keycloak-18.0.2/modules
	jboss.modules.system.pkgs = org.jboss.byteman
	jboss.node.name = ind040100137
	jboss.qualified.host.name = ind040100137
	jboss.server.base.dir = /home/niveus/test-keycloak/keycloak-18.0.2/standalone
	jboss.server.config.dir = /home/niveus/test-keycloak/keycloak-18.0.2/standalone/configuration
	jboss.server.data.dir = /home/niveus/test-keycloak/keycloak-18.0.2/standalone/data
	jboss.server.deploy.dir = /home/niveus/test-keycloak/keycloak-18.0.2/standalone/data/content
	jboss.server.log.dir = /home/niveus/test-keycloak/keycloak-18.0.2/standalone/log
	jboss.server.name = ind040100137
	jboss.server.persist.config = true
	jboss.server.temp.dir = /home/niveus/test-keycloak/keycloak-18.0.2/standalone/tmp
	jdk.debug = release
	line.separator = 

	logging.configuration = file:/home/niveus/test-keycloak/keycloak-18.0.2/standalone/configuration/logging.properties
	module.path = /home/niveus/test-keycloak/keycloak-18.0.2/modules
	org.jboss.boot.log.file = /home/niveus/test-keycloak/keycloak-18.0.2/standalone/log/server.log
	org.jboss.resolver.warning = true
	os.arch = amd64
	os.name = Linux
	os.version = 5.15.0-46-generic
	path.separator = :
	sun.arch.data.model = 64
	sun.boot.library.path = /usr/lib/jvm/java-11-openjdk-amd64/lib
	sun.cpu.endian = little
	sun.cpu.isalist = 
	sun.desktop = gnome
	sun.io.unicode.encoding = UnicodeLittle
	sun.java.command = /home/niveus/test-keycloak/keycloak-18.0.2/jboss-modules.jar -mp /home/niveus/test-keycloak/keycloak-18.0.2/modules org.jboss.as.standalone -Djboss.home.dir=/home/niveus/test-keycloak/keycloak-18.0.2 -Djboss.server.base.dir=/home/niveus/test-keycloak/keycloak-18.0.2/standalone
	sun.java.launcher = SUN_STANDARD
	sun.jnu.encoding = UTF-8
	sun.management.compiler = HotSpot 64-Bit Tiered Compilers
	sun.os.patch.level = unknown
	user.country = IN
	user.dir = /home/niveus/test-keycloak/keycloak-18.0.2/bin
	user.home = /home/niveus
	user.language = en
	user.name = niveus
	user.timezone = Asia/Kolkata
2022-09-01 10:13:16,227 DEBUG [org.jboss.as.config] (MSC service thread 1-2) VM Arguments: -D[Standalone] -Xms64m -Xmx512m -XX:MetaspaceSize=96M -XX:MaxMetaspaceSize=256m -Djava.net.preferIPv4Stack=true -Djboss.modules.system.pkgs=org.jboss.byteman -Djava.awt.headless=true --add-exports=java.desktop/sun.awt=ALL-UNNAMED --add-exports=java.naming/com.sun.jndi.ldap=ALL-UNNAMED --add-opens=java.base/java.lang=ALL-UNNAMED --add-opens=java.base/java.lang.invoke=ALL-UNNAMED --add-opens=java.base/java.lang.reflect=ALL-UNNAMED --add-opens=java.base/java.io=ALL-UNNAMED --add-opens=java.base/java.security=ALL-UNNAMED --add-opens=java.base/java.util=ALL-UNNAMED --add-opens=java.base/java.util.concurrent=ALL-UNNAMED --add-opens=java.management/javax.management=ALL-UNNAMED --add-opens=java.naming/javax.naming=ALL-UNNAMED -Dorg.jboss.boot.log.file=/home/niveus/test-keycloak/keycloak-18.0.2/standalone/log/server.log -Dlogging.configuration=file:/home/niveus/test-keycloak/keycloak-18.0.2/standalone/configuration/logging.properties 
2022-09-01 10:13:17,166 INFO  [org.wildfly.security] (ServerService Thread Pool -- 19) ELY00001: WildFly Elytron version 1.19.0.Final
2022-09-01 10:13:18,129 INFO  [org.jboss.as.server] (Controller Boot Thread) WFLYSRV0039: Creating http management service using socket-binding (management-http)
2022-09-01 10:13:18,150 INFO  [org.xnio] (MSC service thread 1-7) XNIO version 3.8.7.Final
2022-09-01 10:13:18,162 INFO  [org.xnio.nio] (MSC service thread 1-7) XNIO NIO Implementation Version 3.8.7.Final
2022-09-01 10:13:18,238 INFO  [org.jboss.remoting] (MSC service thread 1-8) JBoss Remoting version 5.0.24.Final
2022-09-01 10:13:18,283 WARN  [org.jboss.as.txn] (ServerService Thread Pool -- 49) WFLYTX0013: The node-identifier attribute on the /subsystem=transactions is set to the default value. This is a danger for environments running multiple servers. Please make sure the attribute value is unique.
2022-09-01 10:13:18,297 INFO  [org.jboss.as.jaxrs] (ServerService Thread Pool -- 38) WFLYRS0016: RESTEasy version 4.7.6.Final
2022-09-01 10:13:18,298 INFO  [org.wildfly.extension.io] (ServerService Thread Pool -- 37) WFLYIO001: Worker 'default' has auto-configured to 8 IO threads with 64 max task threads based on your 4 available processors
2022-09-01 10:13:18,301 INFO  [org.jboss.as.naming] (ServerService Thread Pool -- 45) WFLYNAM0001: Activating Naming Subsystem
2022-09-01 10:13:18,302 INFO  [org.wildfly.extension.health] (ServerService Thread Pool -- 35) WFLYHEALTH0001: Activating Base Health Subsystem
2022-09-01 10:13:18,308 INFO  [org.jboss.as.clustering.infinispan] (ServerService Thread Pool -- 36) WFLYCLINF0001: Activating Infinispan subsystem.
2022-09-01 10:13:18,329 INFO  [org.wildfly.extension.metrics] (ServerService Thread Pool -- 44) WFLYMETRICS0001: Activating Base Metrics Subsystem
2022-09-01 10:13:18,344 INFO  [org.jboss.as.connector] (MSC service thread 1-3) WFLYJCA0009: Starting Jakarta Connectors Subsystem (WildFly/IronJacamar 1.5.3.Final)
2022-09-01 10:13:18,371 INFO  [org.jboss.as.mail.extension] (MSC service thread 1-8) WFLYMAIL0001: Bound mail session [java:jboss/mail/Default]
2022-09-01 10:13:18,371 INFO  [org.jboss.as.naming] (MSC service thread 1-4) WFLYNAM0003: Starting Naming Service
2022-09-01 10:13:18,423 INFO  [org.jboss.as.connector.subsystems.datasources] (ServerService Thread Pool -- 30) WFLYJCA0005: Deploying non-JDBC-compliant driver class org.postgresql.Driver (version 42.4)
2022-09-01 10:13:18,443 INFO  [org.jboss.as.connector.deployers.jdbc] (MSC service thread 1-5) WFLYJCA0018: Started Driver service with driver-name = postgresql
2022-09-01 10:13:18,493 INFO  [org.jboss.as.connector.subsystems.datasources] (ServerService Thread Pool -- 30) WFLYJCA0004: Deploying JDBC-compliant driver class org.h2.Driver (version 1.4)
2022-09-01 10:13:18,518 INFO  [org.jboss.as.connector.deployers.jdbc] (MSC service thread 1-4) WFLYJCA0018: Started Driver service with driver-name = h2
2022-09-01 10:13:18,500 WARN  [org.wildfly.extension.elytron] (MSC service thread 1-7) WFLYELY00023: KeyStore file '/home/niveus/test-keycloak/keycloak-18.0.2/standalone/configuration/application.keystore' does not exist. Used blank.
2022-09-01 10:13:18,538 INFO  [org.wildfly.extension.undertow] (MSC service thread 1-4) WFLYUT0003: Undertow 2.2.17.Final starting
2022-09-01 10:13:18,556 WARN  [org.wildfly.extension.elytron] (MSC service thread 1-4) WFLYELY01084: KeyStore /home/niveus/test-keycloak/keycloak-18.0.2/standalone/configuration/application.keystore not found, it will be auto generated on first use with a self-signed certificate for host localhost
2022-09-01 10:13:18,682 INFO  [org.jboss.as.ejb3] (MSC service thread 1-8) WFLYEJB0481: Strict pool slsb-strict-max-pool is using a max instance size of 64 (per class), which is derived from thread worker pool sizing.
2022-09-01 10:13:18,682 INFO  [org.jboss.as.ejb3] (MSC service thread 1-6) WFLYEJB0482: Strict pool mdb-strict-max-pool is using a max instance size of 16 (per class), which is derived from the number of CPUs on this host.
2022-09-01 10:13:18,728 WARN  [org.wildfly.clustering.web.undertow] (ServerService Thread Pool -- 50) WFLYCLWEBUT0007: No routing provider found for default-server; using legacy provider based on static configuration
2022-09-01 10:13:18,810 INFO  [org.wildfly.extension.undertow] (ServerService Thread Pool -- 50) WFLYUT0014: Creating file handler for path '/home/niveus/test-keycloak/keycloak-18.0.2/welcome-content' with options [directory-listing: 'false', follow-symlink: 'false', case-sensitive: 'true', safe-symlink-paths: '[]']
2022-09-01 10:13:18,848 INFO  [org.wildfly.extension.undertow] (MSC service thread 1-2) WFLYUT0012: Started server default-server.
2022-09-01 10:13:18,849 INFO  [org.wildfly.extension.undertow] (MSC service thread 1-6) Queuing requests.
2022-09-01 10:13:18,850 INFO  [org.wildfly.extension.undertow] (MSC service thread 1-6) WFLYUT0018: Host default-host starting
2022-09-01 10:13:18,950 INFO  [org.wildfly.extension.undertow] (MSC service thread 1-8) WFLYUT0006: Undertow HTTP listener default listening on 127.0.0.1:8080
2022-09-01 10:13:19,072 INFO  [org.jboss.as.ejb3] (MSC service thread 1-7) WFLYEJB0493: Jakarta Enterprise Beans subsystem suspension complete
2022-09-01 10:13:19,118 INFO  [org.wildfly.extension.undertow] (MSC service thread 1-3) WFLYUT0006: Undertow HTTPS listener https listening on 127.0.0.1:8443
2022-09-01 10:13:19,212 INFO  [org.jboss.as.connector.subsystems.datasources] (MSC service thread 1-6) WFLYJCA0001: Bound data source [java:jboss/datasources/KeycloakDS]
2022-09-01 10:13:19,231 INFO  [org.jboss.as.connector.subsystems.datasources] (MSC service thread 1-1) WFLYJCA0001: Bound data source [java:jboss/datasources/ExampleDS]
2022-09-01 10:13:19,349 INFO  [org.jboss.as.patching] (MSC service thread 1-4) WFLYPAT0050: Keycloak cumulative patch ID is: base, one-off patches include: none
2022-09-01 10:13:19,363 INFO  [org.jboss.as.server.deployment.scanner] (MSC service thread 1-1) WFLYDS0013: Started FileSystemDeploymentService for directory /home/niveus/test-keycloak/keycloak-18.0.2/standalone/deployments
2022-09-01 10:13:19,380 INFO  [org.jboss.as.server.deployment] (MSC service thread 1-4) WFLYSRV0027: Starting deployment of "keycloak-server.war" (runtime-name: "keycloak-server.war")
2022-09-01 10:13:20,267 INFO  [org.infinispan.CONTAINER] (ServerService Thread Pool -- 53) ISPN000128: Infinispan version: Infinispan 'Triskaidekaphobia' 13.0.10.Final
2022-09-01 10:13:20,375 INFO  [org.infinispan.CONTAINER] (ServerService Thread Pool -- 52) ISPN000556: Starting user marshaller 'org.wildfly.clustering.infinispan.marshalling.jboss.JBossMarshaller'
2022-09-01 10:13:20,375 INFO  [org.infinispan.CONTAINER] (ServerService Thread Pool -- 53) ISPN000556: Starting user marshaller 'org.wildfly.clustering.infinispan.spi.marshalling.InfinispanProtoStreamMarshaller'
2022-09-01 10:13:20,864 INFO  [org.infinispan.CONFIG] (MSC service thread 1-1) ISPN000152: Passivation configured without an eviction policy being selected. Only manually evicted entities will be passivated.
2022-09-01 10:13:20,868 INFO  [org.jboss.as.clustering.infinispan] (ServerService Thread Pool -- 62) WFLYCLINF0002: Started offlineSessions cache from keycloak container
2022-09-01 10:13:20,867 INFO  [org.jboss.as.clustering.infinispan] (ServerService Thread Pool -- 53) WFLYCLINF0002: Started offlineClientSessions cache from keycloak container
2022-09-01 10:13:20,880 INFO  [org.jboss.as.clustering.infinispan] (ServerService Thread Pool -- 54) WFLYCLINF0002: Started loginFailures cache from keycloak container
2022-09-01 10:13:20,873 INFO  [org.jboss.as.clustering.infinispan] (ServerService Thread Pool -- 61) WFLYCLINF0002: Started actionTokens cache from keycloak container
2022-09-01 10:13:20,872 INFO  [org.jboss.as.clustering.infinispan] (ServerService Thread Pool -- 63) WFLYCLINF0002: Started authenticationSessions cache from keycloak container
2022-09-01 10:13:20,880 INFO  [org.jboss.as.clustering.infinispan] (ServerService Thread Pool -- 55) WFLYCLINF0002: Started work cache from keycloak container
2022-09-01 10:13:20,888 INFO  [org.infinispan.CONFIG] (MSC service thread 1-1) ISPN000152: Passivation configured without an eviction policy being selected. Only manually evicted entities will be passivated.
2022-09-01 10:13:20,877 INFO  [org.jboss.as.clustering.infinispan] (ServerService Thread Pool -- 60) WFLYCLINF0002: Started sessions cache from keycloak container
2022-09-01 10:13:20,891 INFO  [org.jboss.as.clustering.infinispan] (ServerService Thread Pool -- 58) WFLYCLINF0002: Started clientSessions cache from keycloak container
2022-09-01 10:13:20,912 INFO  [org.jboss.as.clustering.infinispan] (ServerService Thread Pool -- 63) WFLYCLINF0002: Started http-remoting-connector cache from ejb container
2022-09-01 10:13:20,913 INFO  [org.jboss.as.clustering.infinispan] (ServerService Thread Pool -- 56) WFLYCLINF0002: Started users cache from keycloak container
2022-09-01 10:13:20,918 INFO  [org.jboss.as.clustering.infinispan] (ServerService Thread Pool -- 59) WFLYCLINF0002: Started realms cache from keycloak container
2022-09-01 10:13:20,920 INFO  [org.jboss.as.clustering.infinispan] (ServerService Thread Pool -- 52) WFLYCLINF0002: Started authorization cache from keycloak container
2022-09-01 10:13:20,920 INFO  [org.jboss.as.clustering.infinispan] (ServerService Thread Pool -- 57) WFLYCLINF0002: Started keys cache from keycloak container
2022-09-01 10:13:21,126 WARN  [org.jboss.as.server.deployment] (MSC service thread 1-5) WFLYSRV0273: Excluded subsystem webservices via jboss-deployment-structure.xml does not exist.
2022-09-01 10:13:21,480 INFO  [org.keycloak.services] (ServerService Thread Pool -- 63) KC-SERVICES0001: Loading config from standalone.xml or domain.xml
2022-09-01 10:13:21,923 INFO  [org.keycloak.url.DefaultHostnameProviderFactory] (ServerService Thread Pool -- 63) Frontend: <request>, Admin: <frontend>, Backend: <request>
2022-09-01 10:13:22,189 INFO  [org.jboss.as.clustering.infinispan] (ServerService Thread Pool -- 63) WFLYCLINF0002: Started realmRevisions cache from keycloak container
2022-09-01 10:13:22,215 INFO  [org.jboss.as.clustering.infinispan] (ServerService Thread Pool -- 63) WFLYCLINF0002: Started userRevisions cache from keycloak container
2022-09-01 10:13:22,225 INFO  [org.jboss.as.clustering.infinispan] (ServerService Thread Pool -- 63) WFLYCLINF0002: Started authorizationRevisions cache from keycloak container
2022-09-01 10:13:22,226 INFO  [org.keycloak.connections.infinispan.DefaultInfinispanConnectionProviderFactory] (ServerService Thread Pool -- 63) Node name: ind040100137, Site name: null
2022-09-01 10:13:22,943 INFO  [org.keycloak.connections.jpa.DefaultJpaConnectionProviderFactory] (ServerService Thread Pool -- 63) Database info: {databaseUrl=jdbc:postgresql://localhost/keycloak, databaseUser=postgres, databaseProduct=PostgreSQL 12.12 (Ubuntu 12.12-0ubuntu0.20.04.1), databaseDriver=PostgreSQL JDBC Driver 42.4.0}
2022-09-01 10:13:24,794 INFO  [org.hibernate.jpa.internal.util.LogHelper] (ServerService Thread Pool -- 63) HHH000204: Processing PersistenceUnitInfo [
	name: keycloak-default
	...]
2022-09-01 10:13:24,871 INFO  [org.hibernate.Version] (ServerService Thread Pool -- 63) HHH000412: Hibernate Core {5.3.24.Final}
2022-09-01 10:13:24,873 INFO  [org.hibernate.cfg.Environment] (ServerService Thread Pool -- 63) HHH000206: hibernate.properties not found
2022-09-01 10:13:25,048 INFO  [org.hibernate.annotations.common.Version] (ServerService Thread Pool -- 63) HCANN000001: Hibernate Commons Annotations {5.0.5.Final}
2022-09-01 10:13:25,306 INFO  [org.hibernate.dialect.Dialect] (ServerService Thread Pool -- 63) HHH000400: Using dialect: org.hibernate.dialect.PostgreSQL95Dialect
2022-09-01 10:13:25,382 INFO  [org.hibernate.engine.jdbc.env.internal.LobCreatorBuilderImpl] (ServerService Thread Pool -- 63) HHH000424: Disabling contextual LOB creation as createClob() method threw error : java.lang.reflect.InvocationTargetException
2022-09-01 10:13:25,386 INFO  [org.hibernate.type.BasicTypeRegistry] (ServerService Thread Pool -- 63) HHH000270: Type registration [java.util.UUID] overrides previous : org.hibernate.type.UUIDBinaryType@72082aec
2022-09-01 10:13:25,391 INFO  [org.hibernate.envers.boot.internal.EnversServiceImpl] (ServerService Thread Pool -- 63) Envers integration enabled? : true
2022-09-01 10:13:25,697 INFO  [org.hibernate.orm.beans] (ServerService Thread Pool -- 63) HHH10005002: No explicit CDI BeanManager reference was passed to Hibernate, but CDI is available on the Hibernate ClassLoader.
2022-09-01 10:13:25,941 INFO  [org.hibernate.validator.internal.util.Version] (ServerService Thread Pool -- 63) HV000001: Hibernate Validator 6.0.23.Final
2022-09-01 10:13:27,191 INFO  [org.hibernate.hql.internal.QueryTranslatorFactoryInitiator] (ServerService Thread Pool -- 63) HHH000397: Using ASTQueryTranslatorFactory
2022-09-01 10:13:28,810 INFO  [org.jboss.resteasy.resteasy_jaxrs.i18n] (ServerService Thread Pool -- 63) RESTEASY002225: Deploying javax.ws.rs.core.Application: class org.keycloak.services.resources.KeycloakApplication
2022-09-01 10:13:28,812 INFO  [org.jboss.resteasy.resteasy_jaxrs.i18n] (ServerService Thread Pool -- 63) RESTEASY002200: Adding class resource org.keycloak.services.resources.JsResource from Application class org.keycloak.services.resources.KeycloakApplication
2022-09-01 10:13:28,813 INFO  [org.jboss.resteasy.resteasy_jaxrs.i18n] (ServerService Thread Pool -- 63) RESTEASY002205: Adding provider class org.keycloak.services.error.KcUnrecognizedPropertyExceptionHandler from Application class org.keycloak.services.resources.KeycloakApplication
2022-09-01 10:13:28,813 INFO  [org.jboss.resteasy.resteasy_jaxrs.i18n] (ServerService Thread Pool -- 63) RESTEASY002205: Adding provider class org.keycloak.services.error.KeycloakErrorHandler from Application class org.keycloak.services.resources.KeycloakApplication
2022-09-01 10:13:28,813 INFO  [org.jboss.resteasy.resteasy_jaxrs.i18n] (ServerService Thread Pool -- 63) RESTEASY002200: Adding class resource org.keycloak.services.resources.ThemeResource from Application class org.keycloak.services.resources.KeycloakApplication
2022-09-01 10:13:28,814 INFO  [org.jboss.resteasy.resteasy_jaxrs.i18n] (ServerService Thread Pool -- 63) RESTEASY002205: Adding provider class org.keycloak.services.filters.KeycloakSecurityHeadersFilter from Application class org.keycloak.services.resources.KeycloakApplication
2022-09-01 10:13:28,817 INFO  [org.jboss.resteasy.resteasy_jaxrs.i18n] (ServerService Thread Pool -- 63) RESTEASY002220: Adding singleton resource org.keycloak.services.resources.admin.AdminRoot from Application class org.keycloak.services.resources.KeycloakApplication
2022-09-01 10:13:28,821 INFO  [org.jboss.resteasy.resteasy_jaxrs.i18n] (ServerService Thread Pool -- 63) RESTEASY002210: Adding provider singleton org.keycloak.services.util.ObjectMapperResolver from Application class org.keycloak.services.resources.KeycloakApplication
2022-09-01 10:13:28,822 INFO  [org.jboss.resteasy.resteasy_jaxrs.i18n] (ServerService Thread Pool -- 63) RESTEASY002220: Adding singleton resource org.keycloak.services.resources.WelcomeResource from Application class org.keycloak.services.resources.KeycloakApplication
2022-09-01 10:13:28,822 INFO  [org.jboss.resteasy.resteasy_jaxrs.i18n] (ServerService Thread Pool -- 63) RESTEASY002220: Adding singleton resource org.keycloak.services.resources.RobotsResource from Application class org.keycloak.services.resources.KeycloakApplication
2022-09-01 10:13:28,823 INFO  [org.jboss.resteasy.resteasy_jaxrs.i18n] (ServerService Thread Pool -- 63) RESTEASY002220: Adding singleton resource org.keycloak.services.resources.RealmsResource from Application class org.keycloak.services.resources.KeycloakApplication
2022-09-01 10:13:28,940 INFO  [org.wildfly.extension.undertow] (ServerService Thread Pool -- 63) WFLYUT0021: Registered web context: '/auth' for server 'default-server'
2022-09-01 10:13:29,099 INFO  [org.jboss.as.server] (ServerService Thread Pool -- 42) WFLYSRV0010: Deployed "keycloak-server.war" (runtime-name : "keycloak-server.war")
2022-09-01 10:13:29,161 INFO  [org.jboss.as.server] (Controller Boot Thread) WFLYSRV0212: Resuming server
2022-09-01 10:13:29,164 INFO  [org.jboss.as] (Controller Boot Thread) WFLYSRV0025: Keycloak 18.0.2 (WildFly Core 18.1.1.Final) started in 14230ms - Started 574 of 852 services (576 services are lazy, passive or on-demand) - Server configuration file in use: standalone.xml
2022-09-01 10:13:29,166 INFO  [org.jboss.as] (Controller Boot Thread) WFLYSRV0060: Http management interface listening on http://127.0.0.1:9990/management
2022-09-01 10:13:29,167 INFO  [org.jboss.as] (Controller Boot Thread) WFLYSRV0051: Admin console listening on http://127.0.0.1:9990
2022-09-01 10:14:09,808 WARN  [org.keycloak.connections.httpclient.DefaultHttpClientFactory] (default task-6) TruststoreProvider is disabled
2022-09-01 11:02:48,279 WARN  [org.keycloak.events] (default task-5) type=REFRESH_TOKEN_ERROR, realmId=e5f8e46e-4ddd-4755-86c9-72f0d8011479, clientId=security-admin-console, userId=null, ipAddress=127.0.0.1, error=invalid_token, grant_type=refresh_token, client_auth_method=client-secret
